


ARM Macro Assembler    Page 1 


    1 00000000         ; gpio.s
    2 00000000         ; Desenvolvido para a placa EK-TM4C1294XL
    3 00000000         ; Prof. Guilherme de S. Peron - 12/03/2018
    4 00000000         ; Prof. Marcos E. P. Monteiro - 12/03/2018
    5 00000000         ; Prof. DaLuz             - 25/02/2022
    6 00000000         
    7 00000000         ;#######################################################
                       #########################
    8 00000000                 THUMB                        ; Instruções do tip
                                                            o Thumb-2
    9 00000000         ;#######################################################
                       #########################
   10 00000000         ; Definições dos Registradores Gerais.  Obs: *(EQU)=(EQU
                       ATE)*
   11 00000000 400FE608 
                       SYSCTL_RCGCGPIO_R
                               EQU              0x400FE608
   12 00000000 400FEA08 
                       SYSCTL_PRGPIO_R
                               EQU              0x400FEA08
   13 00000000         ; Definições dos Registradores especiais do PORT J
   14 00000000 40060520 
                       GPIO_PORTJ_AHB_LOCK_R
                               EQU              0x40060520
   15 00000000 40060524 
                       GPIO_PORTJ_AHB_CR_R
                               EQU              0x40060524
   16 00000000 40060528 
                       GPIO_PORTJ_AHB_AMSEL_R
                               EQU              0x40060528
   17 00000000 4006052C 
                       GPIO_PORTJ_AHB_PCTL_R
                               EQU              0x4006052C
   18 00000000 40060400 
                       GPIO_PORTJ_AHB_DIR_R
                               EQU              0x40060400
   19 00000000 40060420 
                       GPIO_PORTJ_AHB_AFSEL_R
                               EQU              0x40060420
   20 00000000 4006051C 
                       GPIO_PORTJ_AHB_DEN_R
                               EQU              0x4006051C
   21 00000000 40060510 
                       GPIO_PORTJ_AHB_PUR_R
                               EQU              0x40060510
   22 00000000 400603FC 
                       GPIO_PORTJ_AHB_DATA_R
                               EQU              0x400603FC
   23 00000000 00000100 
                       GPIO_PORTJ
                               EQU              2_000000100000000 
                                                            ;pg 382 datasheet
   24 00000000         ; Definições dos Registradores especiais do PORT F
   25 00000000 4005D520 
                       GPIO_PORTF_AHB_LOCK_R
                               EQU              0x4005D520
   26 00000000 4005D524 
                       GPIO_PORTF_AHB_CR_R
                               EQU              0x4005D524



ARM Macro Assembler    Page 2 


   27 00000000 4005D528 
                       GPIO_PORTF_AHB_AMSEL_R
                               EQU              0x4005D528
   28 00000000 4005D52C 
                       GPIO_PORTF_AHB_PCTL_R
                               EQU              0x4005D52C
   29 00000000 4005D400 
                       GPIO_PORTF_AHB_DIR_R
                               EQU              0x4005D400
   30 00000000 4005D420 
                       GPIO_PORTF_AHB_AFSEL_R
                               EQU              0x4005D420
   31 00000000 4005D51C 
                       GPIO_PORTF_AHB_DEN_R
                               EQU              0x4005D51C
   32 00000000 4005D510 
                       GPIO_PORTF_AHB_PUR_R
                               EQU              0x4005D510
   33 00000000 4005D3FC 
                       GPIO_PORTF_AHB_DATA_R
                               EQU              0x4005D3FC
   34 00000000 00000020 
                       GPIO_PORTF
                               EQU              2_000000000100000 
                                                            ;pg 382 datasheet
   35 00000000         
   36 00000000         ;#######################################################
                       #########################
   37 00000000         ; Área de Código - Tudo abaixo da diretiva a seguir será
                        armazenado na memória de 
   38 00000000         ;                  código (ROM/FLASH)
   39 00000000                 AREA             |.text|, CODE, READONLY, ALIGN=
2
   40 00000000         ; Se alguma função do arquivo for chamada em outro arqui
                       vo 
   41 00000000                 EXPORT           GPIO_Init   ; Permite chamar GP
                                                            IO_Init de outro ar
                                                            quivo
   42 00000000                 EXPORT           PortF_Output ; Permite chamar P
                                                            ortN_Output de outr
                                                            o arquivo
   43 00000000                 EXPORT           PortJ_Input ; Permite chamar Po
                                                            rtJ_Input de outro 
                                                            arquivo
   44 00000000         
   45 00000000         ;#######################################################
                       #########################
   46 00000000         ; Função GPIO_Init
   47 00000000         ; Parâmetro de entrada: Não tem
   48 00000000         ; Parâmetro de saída: Não tem
   49 00000000         ;#######################################################
                       #########################
   50 00000000         GPIO_Init
   51 00000000         ; 1. Ativar o clock para a porta setando o bit correspon
                       dente no registrador RCGCGPIO,
   52 00000000         ; após isso verificar no PRGPIO se a porta está pronta p
                       ara uso.
   53 00000000         ; enable clock to GPIOF at clock gating register
   54 00000000 481F            LDR              R0, =SYSCTL_RCGCGPIO_R ;Carrega



ARM Macro Assembler    Page 3 


                                                             o endereço do regi
                                                            strador RCGCGPIO
   55 00000002 F04F 0120       MOV              R1, #GPIO_PORTF ;Seta o bit da 
                                                            porta F
   56 00000006 F441 7180       ORR              R1, #GPIO_PORTJ ;Seta o bit da 
                                                            porta J, fazendo co
                                                            m OR
   57 0000000A 6001            STR              R1, [R0]    ;Move para a memóri
                                                            a os bits das porta
                                                            s no endereço do RC
                                                            GCGPIO
   58 0000000C 481D            LDR              R0, =SYSCTL_PRGPIO_R ;Carrega o
                                                             endereço do PRGPIO
                                                             para esperar os GP
                                                            IO ficarem prontos
   59 0000000E         EsperaGPIO
   60 0000000E 6801            LDR              R1, [R0]    ;Lê da memória o co
                                                            nteúdo do endereço 
                                                            do registrador
   61 00000010 F04F 0220       MOV              R2, #GPIO_PORTF ;Seta os bits c
                                                            orrespondentes às p
                                                            ortas para fazer a 
                                                            comparação
   62 00000014 F442 7280       ORR              R2, #GPIO_PORTJ ;Seta o bit da 
                                                            porta J, fazendo co
                                                            m OR
   63 00000018 4211            TST              R1, R2      ;ANDS de R1 com R2
   64 0000001A D0F8            BEQ              EsperaGPIO  ;Se o flag Z=1, vol
                                                            ta para o laço. Sen
                                                            ão continua executa
                                                            ndo
   65 0000001C         ; 2. Limpar o AMSEL para desabilitar a analógica
   66 0000001C F04F 0100       MOV              R1, #0x00   ;Colocar 0 no regis
                                                            trador para desabil
                                                            itar a função analó
                                                            gica
   67 00000020 4819            LDR              R0, =GPIO_PORTJ_AHB_AMSEL_R ;Ca
                                                            rrega o R0 com o en
                                                            dereço do AMSEL par
                                                            a a porta J
   68 00000022 6001            STR              R1, [R0]    ;Guarda no registra
                                                            dor AMSEL da porta 
                                                            J da memória
   69 00000024 4819            LDR              R0, =GPIO_PORTF_AHB_AMSEL_R ;Ca
                                                            rrega o R0 com o en
                                                            dereço do AMSEL par
                                                            a a porta F
   70 00000026 6001            STR              R1, [R0]    ;Guarda no registra
                                                            dor AMSEL da porta 
                                                            F da memória
   71 00000028         ; 3. Limpar PCTL para selecionar o GPIO
   72 00000028 F04F 0100       MOV              R1, #0x00   ;Colocar 0 no regis
                                                            trador para selecio
                                                            nar o modo GPIO
   73 0000002C 4818            LDR              R0, =GPIO_PORTJ_AHB_PCTL_R ;Car
                                                            rega o R0 com o end
                                                            ereço do PCTL para 
                                                            a porta J
   74 0000002E 6001            STR              R1, [R0]    ;Guarda no registra



ARM Macro Assembler    Page 4 


                                                            dor PCTL da porta J
                                                             da memória
   75 00000030 4818            LDR              R0, =GPIO_PORTF_AHB_PCTL_R ;Car
                                                            rega o R0 com o end
                                                            ereço do PCTL para 
                                                            a porta F
   76 00000032 6001            STR              R1, [R0]    ;Guarda no registra
                                                            dor PCTL da porta F
                                                             da memória
   77 00000034         ; 4. DIR para 0 se for entrada, 1 se for saída
   78 00000034 4818            LDR              R0, =GPIO_PORTF_AHB_DIR_R ;Carr
                                                            ega o R0 com o ende
                                                            reço do DIR para a 
                                                            porta F
   79 00000036 F04F 0111       MOV              R1, #2_00010001 
                                                            ;PF4 & PF0 para LED
                                                            
   80 0000003A 6001            STR              R1, [R0]    ;Guarda no registra
                                                            dor
   81 0000003C         ; O certo era verificar os outros bits da PF para não tr
                       ansformar entradas em saídas desnecessárias
   82 0000003C 4817            LDR              R0, =GPIO_PORTJ_AHB_DIR_R ;Carr
                                                            ega o R0 com o ende
                                                            reço do DIR para a 
                                                            porta J
   83 0000003E F04F 0100       MOV              R1, #0x00   ;Colocar 0 no regis
                                                            trador DIR para fun
                                                            cionar com saída
   84 00000042 6001            STR              R1, [R0]    ;Guarda no registra
                                                            dor PCTL da porta J
                                                             da memória
   85 00000044         ; 5. Limpar os bits AFSEL para 0 para selecionar GPIO, S
                       em função alternativa
   86 00000044 F04F 0100       MOV              R1, #0x00   ;Colocar o valor 0 
                                                            para não setar funç
                                                            ão alternativa
   87 00000048 4815            LDR              R0, =GPIO_PORTF_AHB_AFSEL_R ;Ca
                                                            rrega o endereço do
                                                             AFSEL da porta F
   88 0000004A 6001            STR              R1, [R0]    ;Escreve na porta
   89 0000004C 4815            LDR              R0, =GPIO_PORTJ_AHB_AFSEL_R ;Ca
                                                            rrega o endereço do
                                                             AFSEL da porta J
   90 0000004E 6001            STR              R1, [R0]    ;Escreve na porta
   91 00000050         ; 6. Setar os bits de DEN para habilitar I/O digital
   92 00000050 4815            LDR              R0, =GPIO_PORTF_AHB_DEN_R ;Carr
                                                            ega o endereço do D
                                                            EN
   93 00000052 F04F 0111       MOV              R1, #2_00010001 ;Ativa os pinos
                                                             PF0 e PF4 como I/O
                                                             Digital
   94 00000056 6001            STR              R1, [R0]    ;Escreve no registr
                                                            ador da memória fun
                                                            cionalidade digital
                                                             
   95 00000058 4814            LDR              R0, =GPIO_PORTJ_AHB_DEN_R ;Carr
                                                            ega o endereço do D
                                                            EN
   96 0000005A F04F 0103       MOV              R1, #2_00000011 ;Ativa os pinos



ARM Macro Assembler    Page 5 


                                                             PJ0 e PJ1 como I/O
                                                             Digital      
   97 0000005E 6001            STR              R1, [R0]    ;Escreve no registr
                                                            ador da memória fun
                                                            cionalidade digital
                                                            
   98 00000060         ; 7. Para habilitar resistor de pull-up interno, setar P
                       UR para 1
   99 00000060 4813            LDR              R0, =GPIO_PORTJ_AHB_PUR_R ;Carr
                                                            ega o endereço do P
                                                            UR para a porta J
  100 00000062 F04F 0103       MOV              R1, #2_00000011 ;Habilitar func
                                                            ionalidade digital 
                                                            de resistor de pull
                                                            -up nos bits 0 e 1
  101 00000066 6001            STR              R1, [R0]    ;Escreve no registr
                                                            ador da memória do 
                                                            resistor de pull-up
                                                            
  102 00000068         ;retorno            
  103 00000068 4770            BX               LR          ;Retorna da Chamada
                                                             da Função
  104 0000006A         
  105 0000006A         ;#######################################################
                       #########################
  106 0000006A         ; Função PortF_Output
  107 0000006A         ; Parâmetro de entrada: R0 ==> se os BIT4 e BIT0 estão l
                       igado ou desligado
  108 0000006A         ; Parâmetro de saída: Não tem
  109 0000006A         ;#######################################################
                       #########################
  110 0000006A         PortF_Output
  111 0000006A 4912            LDR              R1, =GPIO_PORTF_AHB_DATA_R ;Car
                                                            rega o valor do off
                                                            set do data registe
                                                            r
  112 0000006C         ;Read-Modify-Write para escrita
  113 0000006C 680A            LDR              R2, [R1]    ;Carrega o valor do
                                                             PORTF(leitura) em 
                                                            R2;
  114 0000006E F022 0211       BIC              R2, #2_00010001 ;Primeiro limpa
                                                            mos os dois bits do
                                                             lido da porta R2 =
                                                             R2 & 11101110
  115 00000072 EA40 0002       ORR              R0, R0, R2  ;Fazer o OR do lido
                                                             pela porta com o p
                                                            arâmetro de entrada
                                                            
  116 00000076 6008            STR              R0, [R1]    ;Escreve na porta F
                                                             o barramento de da
                                                            dos dos pinos F4 e 
                                                            F0
  117 00000078 4770            BX               LR          ;Retorna da Chamada
                                                             da Função
  118 0000007A         
  119 0000007A         ;#######################################################
                       #########################
  120 0000007A         ; Função PortJ_Input
  121 0000007A         ; Parâmetro de entrada: Não tem



ARM Macro Assembler    Page 6 


  122 0000007A         ; Parâmetro de saída: R0 ==> o valor da leitura
  123 0000007A         ;#######################################################
                       #########################
  124 0000007A         PortJ_Input
  125 0000007A 490F            LDR              R1, =GPIO_PORTJ_AHB_DATA_R ;Car
                                                            rega o valor do off
                                                            set do data registe
                                                            r
  126 0000007C 6808            LDR              R0, [R1]    ;Lê no barramento d
                                                            e dados dos pinos [
                                                            J1-J0]
  127 0000007E 4770            BX               LR          ;Retorno
  128 00000080         
  129 00000080                 ALIGN                        ; garante que o fim
                                                             da seção está alin
                                                            hada 
  130 00000080                 END                          ; fim do arquivo
              400FE608 
              400FEA08 
              40060528 
              4005D528 
              4006052C 
              4005D52C 
              4005D400 
              40060400 
              4005D420 
              40060420 
              4005D51C 
              4006051C 
              40060510 
              4005D3FC 
              400603FC 
Command Line: --debug --xref --diag_suppress=9931 --cpu=Cortex-M4.fp.sp --apcs=
interwork --depend=.\objects\gpio.d -o.\objects\gpio.o -IC:\Users\DaLuz\AppData
\Local\Arm\Packs\Keil\TM4C_DFP\1.1.0\Device\Include\TM4C129 --predefine="__EVAL
 SETA 1" --predefine="__UVISION_VERSION SETA 536" --predefine="TM4C1294NCPDT SE
TA 1" --list=.\listings\gpio.lst gpio.s



ARM Macro Assembler    Page 1 Alphabetic symbol ordering
Relocatable symbols

.text 00000000

Symbol: .text
   Definitions
      At line 39 in file gpio.s
   Uses
      None
Comment: .text unused
EsperaGPIO 0000000E

Symbol: EsperaGPIO
   Definitions
      At line 59 in file gpio.s
   Uses
      At line 64 in file gpio.s
Comment: EsperaGPIO used once
GPIO_Init 00000000

Symbol: GPIO_Init
   Definitions
      At line 50 in file gpio.s
   Uses
      At line 41 in file gpio.s
Comment: GPIO_Init used once
PortF_Output 0000006A

Symbol: PortF_Output
   Definitions
      At line 110 in file gpio.s
   Uses
      At line 42 in file gpio.s
Comment: PortF_Output used once
PortJ_Input 0000007A

Symbol: PortJ_Input
   Definitions
      At line 124 in file gpio.s
   Uses
      At line 43 in file gpio.s
Comment: PortJ_Input used once
5 symbols



ARM Macro Assembler    Page 1 Alphabetic symbol ordering
Absolute symbols

GPIO_PORTF 00000020

Symbol: GPIO_PORTF
   Definitions
      At line 34 in file gpio.s
   Uses
      At line 55 in file gpio.s
      At line 61 in file gpio.s

GPIO_PORTF_AHB_AFSEL_R 4005D420

Symbol: GPIO_PORTF_AHB_AFSEL_R
   Definitions
      At line 30 in file gpio.s
   Uses
      At line 87 in file gpio.s
Comment: GPIO_PORTF_AHB_AFSEL_R used once
GPIO_PORTF_AHB_AMSEL_R 4005D528

Symbol: GPIO_PORTF_AHB_AMSEL_R
   Definitions
      At line 27 in file gpio.s
   Uses
      At line 69 in file gpio.s
Comment: GPIO_PORTF_AHB_AMSEL_R used once
GPIO_PORTF_AHB_CR_R 4005D524

Symbol: GPIO_PORTF_AHB_CR_R
   Definitions
      At line 26 in file gpio.s
   Uses
      None
Comment: GPIO_PORTF_AHB_CR_R unused
GPIO_PORTF_AHB_DATA_R 4005D3FC

Symbol: GPIO_PORTF_AHB_DATA_R
   Definitions
      At line 33 in file gpio.s
   Uses
      At line 111 in file gpio.s
Comment: GPIO_PORTF_AHB_DATA_R used once
GPIO_PORTF_AHB_DEN_R 4005D51C

Symbol: GPIO_PORTF_AHB_DEN_R
   Definitions
      At line 31 in file gpio.s
   Uses
      At line 92 in file gpio.s
Comment: GPIO_PORTF_AHB_DEN_R used once
GPIO_PORTF_AHB_DIR_R 4005D400

Symbol: GPIO_PORTF_AHB_DIR_R
   Definitions
      At line 29 in file gpio.s
   Uses
      At line 78 in file gpio.s
Comment: GPIO_PORTF_AHB_DIR_R used once
GPIO_PORTF_AHB_LOCK_R 4005D520




ARM Macro Assembler    Page 2 Alphabetic symbol ordering
Absolute symbols

Symbol: GPIO_PORTF_AHB_LOCK_R
   Definitions
      At line 25 in file gpio.s
   Uses
      None
Comment: GPIO_PORTF_AHB_LOCK_R unused
GPIO_PORTF_AHB_PCTL_R 4005D52C

Symbol: GPIO_PORTF_AHB_PCTL_R
   Definitions
      At line 28 in file gpio.s
   Uses
      At line 75 in file gpio.s
Comment: GPIO_PORTF_AHB_PCTL_R used once
GPIO_PORTF_AHB_PUR_R 4005D510

Symbol: GPIO_PORTF_AHB_PUR_R
   Definitions
      At line 32 in file gpio.s
   Uses
      None
Comment: GPIO_PORTF_AHB_PUR_R unused
GPIO_PORTJ 00000100

Symbol: GPIO_PORTJ
   Definitions
      At line 23 in file gpio.s
   Uses
      At line 56 in file gpio.s
      At line 62 in file gpio.s

GPIO_PORTJ_AHB_AFSEL_R 40060420

Symbol: GPIO_PORTJ_AHB_AFSEL_R
   Definitions
      At line 19 in file gpio.s
   Uses
      At line 89 in file gpio.s
Comment: GPIO_PORTJ_AHB_AFSEL_R used once
GPIO_PORTJ_AHB_AMSEL_R 40060528

Symbol: GPIO_PORTJ_AHB_AMSEL_R
   Definitions
      At line 16 in file gpio.s
   Uses
      At line 67 in file gpio.s
Comment: GPIO_PORTJ_AHB_AMSEL_R used once
GPIO_PORTJ_AHB_CR_R 40060524

Symbol: GPIO_PORTJ_AHB_CR_R
   Definitions
      At line 15 in file gpio.s
   Uses
      None
Comment: GPIO_PORTJ_AHB_CR_R unused
GPIO_PORTJ_AHB_DATA_R 400603FC

Symbol: GPIO_PORTJ_AHB_DATA_R
   Definitions



ARM Macro Assembler    Page 3 Alphabetic symbol ordering
Absolute symbols

      At line 22 in file gpio.s
   Uses
      At line 125 in file gpio.s
Comment: GPIO_PORTJ_AHB_DATA_R used once
GPIO_PORTJ_AHB_DEN_R 4006051C

Symbol: GPIO_PORTJ_AHB_DEN_R
   Definitions
      At line 20 in file gpio.s
   Uses
      At line 95 in file gpio.s
Comment: GPIO_PORTJ_AHB_DEN_R used once
GPIO_PORTJ_AHB_DIR_R 40060400

Symbol: GPIO_PORTJ_AHB_DIR_R
   Definitions
      At line 18 in file gpio.s
   Uses
      At line 82 in file gpio.s
Comment: GPIO_PORTJ_AHB_DIR_R used once
GPIO_PORTJ_AHB_LOCK_R 40060520

Symbol: GPIO_PORTJ_AHB_LOCK_R
   Definitions
      At line 14 in file gpio.s
   Uses
      None
Comment: GPIO_PORTJ_AHB_LOCK_R unused
GPIO_PORTJ_AHB_PCTL_R 4006052C

Symbol: GPIO_PORTJ_AHB_PCTL_R
   Definitions
      At line 17 in file gpio.s
   Uses
      At line 73 in file gpio.s
Comment: GPIO_PORTJ_AHB_PCTL_R used once
GPIO_PORTJ_AHB_PUR_R 40060510

Symbol: GPIO_PORTJ_AHB_PUR_R
   Definitions
      At line 21 in file gpio.s
   Uses
      At line 99 in file gpio.s
Comment: GPIO_PORTJ_AHB_PUR_R used once
SYSCTL_PRGPIO_R 400FEA08

Symbol: SYSCTL_PRGPIO_R
   Definitions
      At line 12 in file gpio.s
   Uses
      At line 58 in file gpio.s
Comment: SYSCTL_PRGPIO_R used once
SYSCTL_RCGCGPIO_R 400FE608

Symbol: SYSCTL_RCGCGPIO_R
   Definitions
      At line 11 in file gpio.s
   Uses
      At line 54 in file gpio.s



ARM Macro Assembler    Page 4 Alphabetic symbol ordering
Absolute symbols

Comment: SYSCTL_RCGCGPIO_R used once
22 symbols
363 symbols in table
