


ARM Macro Assembler    Page 1 


    1 00000000         ; gpio.s
    2 00000000         ; Desenvolvido para a placa EK-TM4C1294XL
    3 00000000         ; Prof. Guilherme de S. Peron - 12/03/2018
    4 00000000         ; Prof. Marcos E. P. Monteiro - 12/03/2018
    5 00000000         ; Prof. DaLuz             - 25/02/2022
    6 00000000         
    7 00000000         ;#######################################################
                       #########################
    8 00000000                 THUMB                        ; Instruções do tip
                                                            o Thumb-2
    9 00000000         ;#######################################################
                       #########################
   10 00000000         ; Definições dos Registradores Gerais.  Obs: *(EQU)=(EQU
                       ATE)*
   11 00000000 00000001 
                       BIT0    EQU              2_0001      ;sch evaluation kit
                                                            
   12 00000000 00000002 
                       BIT1    EQU              2_0010      ;sch evaluation kit
                                                            
   13 00000000 400FE608 
                       SYSCTL_RCGCGPIO_R
                               EQU              0x400FE608
   14 00000000 400FEA08 
                       SYSCTL_PRGPIO_R
                               EQU              0x400FEA08
   15 00000000         ; Definições dos Registradores especiais do PORT J
   16 00000000 40060520 
                       GPIO_PORTJ_AHB_LOCK_R
                               EQU              0x40060520
   17 00000000 40060524 
                       GPIO_PORTJ_AHB_CR_R
                               EQU              0x40060524
   18 00000000 40060528 
                       GPIO_PORTJ_AHB_AMSEL_R
                               EQU              0x40060528
   19 00000000 4006052C 
                       GPIO_PORTJ_AHB_PCTL_R
                               EQU              0x4006052C
   20 00000000 40060400 
                       GPIO_PORTJ_AHB_DIR_R
                               EQU              0x40060400
   21 00000000 40060420 
                       GPIO_PORTJ_AHB_AFSEL_R
                               EQU              0x40060420
   22 00000000 4006051C 
                       GPIO_PORTJ_AHB_DEN_R
                               EQU              0x4006051C
   23 00000000 40060510 
                       GPIO_PORTJ_AHB_PUR_R
                               EQU              0x40060510
   24 00000000 400603FC 
                       GPIO_PORTJ_AHB_DATA_R
                               EQU              0x400603FC
   25 00000000 40060000 
                       GPIO_PORTJ_AHB_DATA_BITS_R
                               EQU              0x40060000
   26 00000000 00000100 
                       GPIO_PORTJ



ARM Macro Assembler    Page 2 


                               EQU              2_000000100000000 ;datasheet pg
                                                             382 ...
   27 00000000         ; Definições dos Registradores especiais do PORT N
   28 00000000 40064520 
                       GPIO_PORTN_LOCK_R
                               EQU              0x40064520
   29 00000000 40064524 
                       GPIO_PORTN_CR_R
                               EQU              0x40064524
   30 00000000 40064528 
                       GPIO_PORTN_AMSEL_R
                               EQU              0x40064528
   31 00000000 4006452C 
                       GPIO_PORTN_PCTL_R
                               EQU              0x4006452C
   32 00000000 40064400 
                       GPIO_PORTN_DIR_R
                               EQU              0x40064400
   33 00000000 40064420 
                       GPIO_PORTN_AFSEL_R
                               EQU              0x40064420
   34 00000000 4006451C 
                       GPIO_PORTN_DEN_R
                               EQU              0x4006451C
   35 00000000 40064510 
                       GPIO_PORTN_PUR_R
                               EQU              0x40064510
   36 00000000 400643FC 
                       GPIO_PORTN_DATA_R
                               EQU              0x400643FC
   37 00000000 40064000 
                       GPIO_PORTN_DATA_BITS_R
                               EQU              0x40064000
   38 00000000 00001000 
                       GPIO_PORTN
                               EQU              2_001000000000000 ;datasheet pg
                                                             382 ... 
   39 00000000         
   40 00000000         ;#######################################################
                       #########################
   41 00000000         ; Área de Código - Tudo abaixo da diretiva a seguir será
                        armazenado na memória de 
   42 00000000         ;                  código
   43 00000000                 AREA             |.text|, CODE, READONLY, ALIGN=
2
   44 00000000         
   45 00000000         ; Se alguma função do arquivo for chamada em outro arqui
                       vo 
   46 00000000                 EXPORT           GPIO_Init   ; Permite chamar GP
                                                            IO_Init de outro ar
                                                            quivo
   47 00000000                 EXPORT           PortN_Output ; Permite chamar P
                                                            ortN_Output de outr
                                                            o arquivo
   48 00000000                 EXPORT           PortJ_Input ; Permite chamar Po
                                                            rtJ_Input de outro 
                                                            arquivo
   49 00000000         
   50 00000000         ;#######################################################



ARM Macro Assembler    Page 3 


                       #########################
   51 00000000         ; Função GPIO_Init
   52 00000000         ; Parâmetro de entrada: Não tem
   53 00000000         ; Parâmetro de saída: Não tem
   54 00000000         ;#######################################################
                       #########################
   55 00000000         GPIO_Init
   56 00000000         ; 1. Ativar o clock para a porta setando o bit correspon
                       dente no registrador RCGCGPIO,
   57 00000000         ; após isso verificar no PRGPIO se a porta está pronta p
                       ara uso.
   58 00000000         ; enable clock to GPIOF at clock gating register
   59 00000000 481F            LDR              R0, =SYSCTL_RCGCGPIO_R ;Carrega
                                                             o endereço do regi
                                                            strador RCGCGPIO
   60 00000002 F44F 5180       MOV              R1, #GPIO_PORTN ;Seta o bit da 
                                                            porta N
   61 00000006 F441 7180       ORR              R1, #GPIO_PORTJ ;Seta o bit da 
                                                            porta J, fazendo co
                                                            m OR
   62 0000000A 6001            STR              R1, [R0]    ;Move para a memóri
                                                            a os bits das porta
                                                            s no endereço do RC
                                                            GCGPIO
   63 0000000C 481D            LDR              R0, =SYSCTL_PRGPIO_R ;Carrega o
                                                             endereço do PRGPIO
                                                             para esperar os GP
                                                            IO ficarem prontos
   64 0000000E         EsperaGPIO
   65 0000000E 6801            LDR              R1, [R0]    ;Lê da memória o co
                                                            nteúdo do endereço 
                                                            do registrador
   66 00000010 F44F 5280       MOV              R2, #GPIO_PORTN ;Seta os bits c
                                                            orrespondentes às p
                                                            ortas para fazer a 
                                                            comparação
   67 00000014 F442 7280       ORR              R2, #GPIO_PORTJ ;Seta o bit da 
                                                            porta J, fazendo co
                                                            m OR
   68 00000018 4211            TST              R1, R2      ;Testa o R1 com R2 
                                                            fazendo R1 & R2
   69 0000001A D0F8            BEQ              EsperaGPIO  ;Se o flag Z=1, vol
                                                            ta para o laço. Sen
                                                            ão continua executa
                                                            ndo
   70 0000001C         ; 2. Limpar o AMSEL para desabilitar a analógica
   71 0000001C F04F 0100       MOV              R1, #0x00   ;Colocar 0 no regis
                                                            trador para desabil
                                                            itar a função analó
                                                            gica
   72 00000020 4819            LDR              R0, =GPIO_PORTJ_AHB_AMSEL_R ;Ca
                                                            rrega o R0 com o en
                                                            dereço do AMSEL par
                                                            a a porta J
   73 00000022 6001            STR              R1, [R0]    ;Guarda no registra
                                                            dor AMSEL da porta 
                                                            J da memória
   74 00000024 4819            LDR              R0, =GPIO_PORTN_AMSEL_R ;Carreg
                                                            a o R0 com o endere



ARM Macro Assembler    Page 4 


                                                            ço do AMSEL para a 
                                                            porta N
   75 00000026 6001            STR              R1, [R0]    ;Guarda no registra
                                                            dor AMSEL da porta 
                                                            N da memória
   76 00000028         ; 3. Limpar PCTL para selecionar o GPIO
   77 00000028 F04F 0100       MOV              R1, #0x00   ;Colocar 0 no regis
                                                            trador para selecio
                                                            nar o modo GPIO
   78 0000002C 4818            LDR              R0, =GPIO_PORTJ_AHB_PCTL_R ;Car
                                                            rega o R0 com o end
                                                            ereço do PCTL para 
                                                            a porta J
   79 0000002E 6001            STR              R1, [R0]    ;Guarda no registra
                                                            dor PCTL da porta J
                                                             da memória
   80 00000030 4818            LDR              R0, =GPIO_PORTN_PCTL_R ;Carrega
                                                             o R0 com o endereç
                                                            o do PCTL para a po
                                                            rta N
   81 00000032 6001            STR              R1, [R0]    ;Guarda no registra
                                                            dor PCTL da porta N
                                                             da memória
   82 00000034         ; 4. DIR para 0 se for entrada, 1 se for saída
   83 00000034 4818            LDR              R0, =GPIO_PORTN_DIR_R ;Carrega 
                                                            o R0 com o endereço
                                                             do DIR para a port
                                                            a N
   84 00000036 F04F 0102       MOV              R1, #2_0010 ;PN1
   85 0000003A 6001            STR              R1, [R0]    ;Guarda no registra
                                                            dor
   86 0000003C         ; O certo era verificar os outros bits da PJ para não tr
                       ansformar entradas em saídas desnecessárias
   87 0000003C 4817            LDR              R0, =GPIO_PORTJ_AHB_DIR_R ;Carr
                                                            ega o R0 com o ende
                                                            reço do DIR para a 
                                                            porta J
   88 0000003E F04F 0100       MOV              R1, #0x00   ;Colocar 0 no regis
                                                            trador DIR para fun
                                                            cionar com saída
   89 00000042 6001            STR              R1, [R0]    ;Guarda no registra
                                                            dor PCTL da porta J
                                                             da memória
   90 00000044         ; 5. Limpar os bits AFSEL para 0 para selecionar GPIO 
   91 00000044         ;    Sem função alternativa
   92 00000044 F04F 0100       MOV              R1, #0x00   ;Colocar o valor 0 
                                                            para não setar funç
                                                            ão alternativa
   93 00000048 4815            LDR              R0, =GPIO_PORTN_AFSEL_R ;Carreg
                                                            a o endereço do AFS
                                                            EL da porta N
   94 0000004A 6001            STR              R1, [R0]    ;Escreve na porta
   95 0000004C 4815            LDR              R0, =GPIO_PORTJ_AHB_AFSEL_R ;Ca
                                                            rrega o endereço do
                                                             AFSEL da porta J
   96 0000004E 6001            STR              R1, [R0]    ;Escreve na porta
   97 00000050         ; 6. Setar os bits de DEN para habilitar I/O digital
   98 00000050 4815            LDR              R0, =GPIO_PORTN_DEN_R ;Carrega 
                                                            o endereço do DEN



ARM Macro Assembler    Page 5 


   99 00000052 F04F 0102       MOV              R1, #2_00000010 ;N1
  100 00000056 6001            STR              R1, [R0]    ;Escreve no registr
                                                            ador da memória fun
                                                            cionalidade digital
                                                             
  101 00000058         
  102 00000058 4814            LDR              R0, =GPIO_PORTJ_AHB_DEN_R ;Carr
                                                            ega o endereço do D
                                                            EN
  103 0000005A F04F 0101       MOV              R1, #2_00000001 ;J0     
  104 0000005E 6001            STR              R1, [R0]    ;Escreve no registr
                                                            ador da memória fun
                                                            cionalidade digital
                                                            
  105 00000060         
  106 00000060         ; 7. Para habilitar resistor de pull-up interno, setar P
                       UR para 1
  107 00000060 4813            LDR              R0, =GPIO_PORTJ_AHB_PUR_R ;Carr
                                                            ega o endereço do P
                                                            UR para a porta J
  108 00000062 F04F 0101       MOV              R1, #2_1    ;Habilitar funciona
                                                            lidade digital de r
                                                            esistor de pull-up 
                                                            
  109 00000066 6001            STR              R1, [R0]    ;Escreve no registr
                                                            ador da memória do 
                                                            resistor de pull-up
                                                            
  110 00000068 4770            BX               LR
  111 0000006A         
  112 0000006A         ;#######################################################
                       #########################
  113 0000006A         ; Função PortN_Output
  114 0000006A         ; Parâmetro de entrada: R0 --> se o BIT1 está ligado ou 
                       desligado
  115 0000006A         ; Parâmetro de saída: Não tem
  116 0000006A         ;#######################################################
                       #########################
  117 0000006A         PortN_Output
  118 0000006A 4912            LDR              R1, =GPIO_PORTN_DATA_R ;Carrega
                                                             o valor do offset 
                                                            do data register
  119 0000006C         ;Read-Modify-Write para escrita
  120 0000006C 680A            LDR              R2, [R1]
  121 0000006E F022 0202       BIC              R2, #2_00000010 ;Primeiro limpa
                                                            mos os dois bits do
                                                             lido da porta R2 =
                                                             R2 & 11111101
  122 00000072 EA40 0002       ORR              R0, R0, R2  ;Fazer o OR do lido
                                                             pela porta com o p
                                                            arâmetro de entrada
                                                            
  123 00000076 6008            STR              R0, [R1]    ;Escreve na porta N
                                                             o barramento de da
                                                            dos do pino N1
  124 00000078 4770            BX               LR          ;Retorno
  125 0000007A         
  126 0000007A         ;#######################################################
                       #########################



ARM Macro Assembler    Page 6 


  127 0000007A         ; Função PortJ_Input
  128 0000007A         ; Parâmetro de entrada: Não tem
  129 0000007A         ; Parâmetro de saída: R0 --> o valor da leitura
  130 0000007A         ;#######################################################
                       #########################
  131 0000007A         PortJ_Input
  132 0000007A 490F            LDR              R1, =GPIO_PORTJ_AHB_DATA_R ;Car
                                                            rega o valor do off
                                                            set do data registe
                                                            r
  133 0000007C 6808            LDR              R0, [R1]    ;Lê no barramento d
                                                            e dados dos pinos [
                                                            J0]
  134 0000007E 4770            BX               LR          ;Retorno
  135 00000080         
  136 00000080         
  137 00000080                 ALIGN                        ; garante que o fim
                                                             da seção está alin
                                                            hada 
  138 00000080                 END                          ; fim do arquivo
              400FE608 
              400FEA08 
              40060528 
              40064528 
              4006052C 
              4006452C 
              40064400 
              40060400 
              40064420 
              40060420 
              4006451C 
              4006051C 
              40060510 
              400643FC 
              400603FC 
Command Line: --debug --xref --diag_suppress=9931 --cpu=Cortex-M4.fp.sp --apcs=
interwork --depend=.\objects\gpio.d -o.\objects\gpio.o -IC:\Users\DaLuz\AppData
\Local\Arm\Packs\Keil\TM4C_DFP\1.1.0\Device\Include\TM4C129 --predefine="__EVAL
 SETA 1" --predefine="__UVISION_VERSION SETA 536" --predefine="TM4C1294NCPDT SE
TA 1" --list=.\listings\gpio.lst gpio.s



ARM Macro Assembler    Page 1 Alphabetic symbol ordering
Relocatable symbols

.text 00000000

Symbol: .text
   Definitions
      At line 43 in file gpio.s
   Uses
      None
Comment: .text unused
EsperaGPIO 0000000E

Symbol: EsperaGPIO
   Definitions
      At line 64 in file gpio.s
   Uses
      At line 69 in file gpio.s
Comment: EsperaGPIO used once
GPIO_Init 00000000

Symbol: GPIO_Init
   Definitions
      At line 55 in file gpio.s
   Uses
      At line 46 in file gpio.s
Comment: GPIO_Init used once
PortJ_Input 0000007A

Symbol: PortJ_Input
   Definitions
      At line 131 in file gpio.s
   Uses
      At line 48 in file gpio.s
Comment: PortJ_Input used once
PortN_Output 0000006A

Symbol: PortN_Output
   Definitions
      At line 117 in file gpio.s
   Uses
      At line 47 in file gpio.s
Comment: PortN_Output used once
5 symbols



ARM Macro Assembler    Page 1 Alphabetic symbol ordering
Absolute symbols

BIT0 00000001

Symbol: BIT0
   Definitions
      At line 11 in file gpio.s
   Uses
      None
Comment: BIT0 unused
BIT1 00000002

Symbol: BIT1
   Definitions
      At line 12 in file gpio.s
   Uses
      None
Comment: BIT1 unused
GPIO_PORTJ 00000100

Symbol: GPIO_PORTJ
   Definitions
      At line 26 in file gpio.s
   Uses
      At line 61 in file gpio.s
      At line 67 in file gpio.s

GPIO_PORTJ_AHB_AFSEL_R 40060420

Symbol: GPIO_PORTJ_AHB_AFSEL_R
   Definitions
      At line 21 in file gpio.s
   Uses
      At line 95 in file gpio.s
Comment: GPIO_PORTJ_AHB_AFSEL_R used once
GPIO_PORTJ_AHB_AMSEL_R 40060528

Symbol: GPIO_PORTJ_AHB_AMSEL_R
   Definitions
      At line 18 in file gpio.s
   Uses
      At line 72 in file gpio.s
Comment: GPIO_PORTJ_AHB_AMSEL_R used once
GPIO_PORTJ_AHB_CR_R 40060524

Symbol: GPIO_PORTJ_AHB_CR_R
   Definitions
      At line 17 in file gpio.s
   Uses
      None
Comment: GPIO_PORTJ_AHB_CR_R unused
GPIO_PORTJ_AHB_DATA_BITS_R 40060000

Symbol: GPIO_PORTJ_AHB_DATA_BITS_R
   Definitions
      At line 25 in file gpio.s
   Uses
      None
Comment: GPIO_PORTJ_AHB_DATA_BITS_R unused
GPIO_PORTJ_AHB_DATA_R 400603FC




ARM Macro Assembler    Page 2 Alphabetic symbol ordering
Absolute symbols

Symbol: GPIO_PORTJ_AHB_DATA_R
   Definitions
      At line 24 in file gpio.s
   Uses
      At line 132 in file gpio.s
Comment: GPIO_PORTJ_AHB_DATA_R used once
GPIO_PORTJ_AHB_DEN_R 4006051C

Symbol: GPIO_PORTJ_AHB_DEN_R
   Definitions
      At line 22 in file gpio.s
   Uses
      At line 102 in file gpio.s
Comment: GPIO_PORTJ_AHB_DEN_R used once
GPIO_PORTJ_AHB_DIR_R 40060400

Symbol: GPIO_PORTJ_AHB_DIR_R
   Definitions
      At line 20 in file gpio.s
   Uses
      At line 87 in file gpio.s
Comment: GPIO_PORTJ_AHB_DIR_R used once
GPIO_PORTJ_AHB_LOCK_R 40060520

Symbol: GPIO_PORTJ_AHB_LOCK_R
   Definitions
      At line 16 in file gpio.s
   Uses
      None
Comment: GPIO_PORTJ_AHB_LOCK_R unused
GPIO_PORTJ_AHB_PCTL_R 4006052C

Symbol: GPIO_PORTJ_AHB_PCTL_R
   Definitions
      At line 19 in file gpio.s
   Uses
      At line 78 in file gpio.s
Comment: GPIO_PORTJ_AHB_PCTL_R used once
GPIO_PORTJ_AHB_PUR_R 40060510

Symbol: GPIO_PORTJ_AHB_PUR_R
   Definitions
      At line 23 in file gpio.s
   Uses
      At line 107 in file gpio.s
Comment: GPIO_PORTJ_AHB_PUR_R used once
GPIO_PORTN 00001000

Symbol: GPIO_PORTN
   Definitions
      At line 38 in file gpio.s
   Uses
      At line 60 in file gpio.s
      At line 66 in file gpio.s

GPIO_PORTN_AFSEL_R 40064420

Symbol: GPIO_PORTN_AFSEL_R
   Definitions



ARM Macro Assembler    Page 3 Alphabetic symbol ordering
Absolute symbols

      At line 33 in file gpio.s
   Uses
      At line 93 in file gpio.s
Comment: GPIO_PORTN_AFSEL_R used once
GPIO_PORTN_AMSEL_R 40064528

Symbol: GPIO_PORTN_AMSEL_R
   Definitions
      At line 30 in file gpio.s
   Uses
      At line 74 in file gpio.s
Comment: GPIO_PORTN_AMSEL_R used once
GPIO_PORTN_CR_R 40064524

Symbol: GPIO_PORTN_CR_R
   Definitions
      At line 29 in file gpio.s
   Uses
      None
Comment: GPIO_PORTN_CR_R unused
GPIO_PORTN_DATA_BITS_R 40064000

Symbol: GPIO_PORTN_DATA_BITS_R
   Definitions
      At line 37 in file gpio.s
   Uses
      None
Comment: GPIO_PORTN_DATA_BITS_R unused
GPIO_PORTN_DATA_R 400643FC

Symbol: GPIO_PORTN_DATA_R
   Definitions
      At line 36 in file gpio.s
   Uses
      At line 118 in file gpio.s
Comment: GPIO_PORTN_DATA_R used once
GPIO_PORTN_DEN_R 4006451C

Symbol: GPIO_PORTN_DEN_R
   Definitions
      At line 34 in file gpio.s
   Uses
      At line 98 in file gpio.s
Comment: GPIO_PORTN_DEN_R used once
GPIO_PORTN_DIR_R 40064400

Symbol: GPIO_PORTN_DIR_R
   Definitions
      At line 32 in file gpio.s
   Uses
      At line 83 in file gpio.s
Comment: GPIO_PORTN_DIR_R used once
GPIO_PORTN_LOCK_R 40064520

Symbol: GPIO_PORTN_LOCK_R
   Definitions
      At line 28 in file gpio.s
   Uses
      None



ARM Macro Assembler    Page 4 Alphabetic symbol ordering
Absolute symbols

Comment: GPIO_PORTN_LOCK_R unused
GPIO_PORTN_PCTL_R 4006452C

Symbol: GPIO_PORTN_PCTL_R
   Definitions
      At line 31 in file gpio.s
   Uses
      At line 80 in file gpio.s
Comment: GPIO_PORTN_PCTL_R used once
GPIO_PORTN_PUR_R 40064510

Symbol: GPIO_PORTN_PUR_R
   Definitions
      At line 35 in file gpio.s
   Uses
      None
Comment: GPIO_PORTN_PUR_R unused
SYSCTL_PRGPIO_R 400FEA08

Symbol: SYSCTL_PRGPIO_R
   Definitions
      At line 14 in file gpio.s
   Uses
      At line 63 in file gpio.s
Comment: SYSCTL_PRGPIO_R used once
SYSCTL_RCGCGPIO_R 400FE608

Symbol: SYSCTL_RCGCGPIO_R
   Definitions
      At line 13 in file gpio.s
   Uses
      At line 59 in file gpio.s
Comment: SYSCTL_RCGCGPIO_R used once
26 symbols
367 symbols in table
